<?xml version="1.0" encoding="UTF-8"?>
<testsuite xmlns:xsi="http://www.w3.org/2001/XMLSchema-instance" xsi:noNamespaceSchemaLocation="https://maven.apache.org/surefire/maven-surefire-plugin/xsd/surefire-test-report-3.0.xsd" version="3.0" name="com.rd2.controller.BookControllerTest" time="4.171" tests="1" errors="0" skipped="0" failures="0">
  <properties>
[...]
</properties>
  <testcase name="testSearchBooks" classname="com.rd2.controller.BookControllerTest" time="0.675">
    <system-out><![CDATA[15:11:53.070 [main] INFO org.springframework.test.context.support.AnnotationConfigContextLoaderUtils -- Could not detect default configuration classes for test class [com.rd2.controller.BookControllerTest]: BookControllerTest does not declare any static, non-private, non-final, nested classes annotated with @Configuration.
15:11:53.185 [main] INFO org.springframework.boot.test.context.SpringBootTestContextBootstrapper -- Found @SpringBootConfiguration com.rd2.App for test class com.rd2.controller.BookControllerTest

  .   ____          _            __ _ _
 /\\ / ___'_ __ _ _(_)_ __  __ _ \ \ \ \
( ( )\___ | '_ | '_| | '_ \/ _` | \ \ \ \
 \\/  ___)| |_)| | | | | || (_| |  ) ) ) )
  '  |____| .__|_| |_|_| |_\__, | / / / /
 =========|_|==============|___/=/_/_/_/
 :: Spring Boot ::               (v3.2.12)

2025-10-05T15:11:53.526Z  INFO 65105 --- [           main] com.rd2.controller.BookControllerTest    : Starting BookControllerTest using Java 24.0.2 with PID 65105 (started by rushi in /home/rushi/book-search)
2025-10-05T15:11:53.526Z  INFO 65105 --- [           main] com.rd2.controller.BookControllerTest    : No active profile set, falling back to 1 default profile: "default"
2025-10-05T15:11:54.100Z  INFO 65105 --- [           main] .s.d.r.c.RepositoryConfigurationDelegate : Bootstrapping Spring Data JPA repositories in DEFAULT mode.
2025-10-05T15:11:54.166Z  INFO 65105 --- [           main] .s.d.r.c.RepositoryConfigurationDelegate : Finished Spring Data repository scanning in 53 ms. Found 1 JPA repository interface.
2025-10-05T15:11:54.593Z  INFO 65105 --- [           main] o.s.b.w.embedded.tomcat.TomcatWebServer  : Tomcat initialized with port 0 (http)
2025-10-05T15:11:54.603Z  INFO 65105 --- [           main] o.apache.catalina.core.StandardService   : Starting service [Tomcat]
2025-10-05T15:11:54.604Z  INFO 65105 --- [           main] o.apache.catalina.core.StandardEngine    : Starting Servlet engine: [Apache Tomcat/10.1.33]
2025-10-05T15:11:54.643Z  INFO 65105 --- [           main] o.a.c.c.C.[Tomcat].[localhost].[/]       : Initializing Spring embedded WebApplicationContext
2025-10-05T15:11:54.643Z  INFO 65105 --- [           main] w.s.c.ServletWebServerApplicationContext : Root WebApplicationContext: initialization completed in 1092 ms
2025-10-05T15:11:54.777Z  INFO 65105 --- [           main] o.hibernate.jpa.internal.util.LogHelper  : HHH000204: Processing PersistenceUnitInfo [name: default]
2025-10-05T15:11:54.840Z  INFO 65105 --- [           main] org.hibernate.Version                    : HHH000412: Hibernate ORM core version 6.4.10.Final
2025-10-05T15:11:54.873Z  INFO 65105 --- [           main] o.h.c.internal.RegionFactoryInitiator    : HHH000026: Second-level cache disabled
2025-10-05T15:11:55.078Z  INFO 65105 --- [           main] o.s.o.j.p.SpringPersistenceUnitInfo      : No LoadTimeWeaver setup: ignoring JPA class transformer
2025-10-05T15:11:55.100Z  INFO 65105 --- [           main] com.zaxxer.hikari.HikariDataSource       : HikariPool-1 - Starting...
2025-10-05T15:11:55.255Z  INFO 65105 --- [           main] com.zaxxer.hikari.pool.HikariPool        : HikariPool-1 - Added connection org.postgresql.jdbc.PgConnection@4005e485
2025-10-05T15:11:55.256Z  INFO 65105 --- [           main] com.zaxxer.hikari.HikariDataSource       : HikariPool-1 - Start completed.
2025-10-05T15:11:55.288Z  WARN 65105 --- [           main] org.hibernate.orm.deprecation            : HHH90000025: PostgreSQLDialect does not need to be specified explicitly using 'hibernate.dialect' (remove the property setting and it will be selected by default)
2025-10-05T15:11:55.837Z  INFO 65105 --- [           main] o.h.e.t.j.p.i.JtaPlatformInitiator       : HHH000489: No JTA platform available (set 'hibernate.transaction.jta.platform' to enable JTA platform integration)
2025-10-05T15:11:55.838Z  INFO 65105 --- [           main] j.LocalContainerEntityManagerFactoryBean : Initialized JPA EntityManagerFactory for persistence unit 'default'
2025-10-05T15:11:56.039Z  INFO 65105 --- [           main] o.s.d.j.r.query.QueryEnhancerFactory     : Hibernate is in classpath; If applicable, HQL parser will be used.
2025-10-05T15:11:56.101Z  WARN 65105 --- [           main] JpaBaseConfiguration$JpaWebConfiguration : spring.jpa.open-in-view is enabled by default. Therefore, database queries may be performed during view rendering. Explicitly configure spring.jpa.open-in-view to disable this warning
2025-10-05T15:11:56.421Z  INFO 65105 --- [           main] o.s.b.w.embedded.tomcat.TomcatWebServer  : Tomcat started on port 37709 (http) with context path ''
2025-10-05T15:11:56.428Z  INFO 65105 --- [           main] com.rd2.controller.BookControllerTest    : Started BookControllerTest in 3.109 seconds (process running for 4.128)
2025-10-05T15:11:56.792Z  INFO 65105 --- [o-auto-1-exec-1] o.a.c.c.C.[Tomcat].[localhost].[/]       : Initializing Spring DispatcherServlet 'dispatcherServlet'
2025-10-05T15:11:56.792Z  INFO 65105 --- [o-auto-1-exec-1] o.s.web.servlet.DispatcherServlet        : Initializing Servlet 'dispatcherServlet'
2025-10-05T15:11:56.793Z  INFO 65105 --- [o-auto-1-exec-1] o.s.web.servlet.DispatcherServlet        : Completed initialization in 1 ms
Hibernate: SELECT * FROM books WHERE search_vector @@ to_tsquery(?)
Book{bookId=20028, title='Mastering Algorithms in the Modern World', rating=3.2, description='Mastering Algorithms in the Modern World provides a comprehensive overview of its subject matter. It delves into the intricacies of Mastering Algorithms in the Modern World, making it accessible to both beginners and advanced readers. With thorough explanations and practical examples, it aims to equip you with the knowledge necessary to excel in this field.', language='English', isbn='978-9-160-4117-8', book_format='eBook', edition='2nd', pages=811, publisher='Prentice Hall', publish_date=2007-10-31, first_publish_date=1957-06-15, liked_percent=76, price=82.43}
Book{bookId=20040, title='Mastering Algorithms in the Modern World', rating=1.6, description='Are you ready to dive deep into the world of Mastering Algorithms in the Modern World? This book is designed to take you through the essentials while also expanding your understanding of the nuances involved.', language='English', isbn='978-4-828-2459-8', book_format='Paperback', edition='5th', pages=491, publisher='Packt Publishing', publish_date=2009-12-17, first_publish_date=1969-11-23, liked_percent=78, price=17.60}
Book{bookId=20044, title='The Essentials of Algorithms and Future Trends', rating=1.3, description='Are you ready to dive deep into the world of The Essentials of Algorithms and Future Trends? This book is designed to take you through the essentials while also expanding your understanding of the nuances involved.', language='English', isbn='978-7-401-1574-9', book_format='Paperback', edition='2nd', pages=668, publisher='Harvard University Press', publish_date=1998-03-12, first_publish_date=1983-04-30, liked_percent=97, price=20.81}
Book{bookId=20047, title='Practical Insights into Algorithms in Practice', rating=4.6, description='Discover the world of Practical Insights into Algorithms in Practice through this enlightening book. It provides a detailed examination of critical theories and frameworks, helping readers to develop a robust understanding of the subject.', language='English', isbn='978-1-433-1629-2', book_format='eBook', edition='2nd', pages=304, publisher='Packt Publishing', publish_date=1992-04-26, first_publish_date=1955-09-16, liked_percent=73, price=64.86}
Book{bookId=20049, title='A Comprehensive Guide to Algorithms and Applications', rating=2.7, description='With A Comprehensive Guide to Algorithms and Applications, readers are invited to embark on an intellectual adventure. This book tackles the fundamental questions surrounding A Comprehensive Guide to Algorithms and Applications with a fresh perspective.', language='English', isbn='978-8-519-5820-4', book_format='eBook', edition='2nd', pages=853, publisher='Prentice Hall', publish_date=2011-01-20, first_publish_date=1952-04-30, liked_percent=71, price=88.44}
Book{bookId=20051, title='The Future of Algorithms in the Modern World', rating=4.6, description='In The Future of Algorithms in the Modern World, the author explores the fundamental principles and methodologies that define the field. This enlightening read not only highlights key concepts but also challenges the reader to think critically about the implications of The Future of Algorithms in the Modern World in the modern world.', language='English', isbn='978-3-668-502-2', book_format='eBook', edition='2nd', pages=812, publisher='Packt Publishing', publish_date=2018-07-14, first_publish_date=1996-10-31, liked_percent=96, price=52.33}
Book{bookId=20100, title='Advanced Techniques in Algorithms for Professionals', rating=1.4, description='Advanced Techniques in Algorithms for Professionals provides a comprehensive overview of its subject matter. It delves into the intricacies of Advanced Techniques in Algorithms for Professionals, making it accessible to both beginners and advanced readers. With thorough explanations and practical examples, it aims to equip you with the knowledge necessary to excel in this field.', language='English', isbn='978-7-716-6489-8', book_format='Paperback', edition='1st', pages=394, publisher='Harvard University Press', publish_date=2007-08-03, first_publish_date=1977-08-20, liked_percent=98, price=83.11}
Book{bookId=20102, title='Innovations in Algorithms in Practice', rating=1.5, description='With Innovations in Algorithms in Practice, readers are invited to embark on an intellectual adventure. This book tackles the fundamental questions surrounding Innovations in Algorithms in Practice with a fresh perspective.', language='English', isbn='978-4-318-4963-8', book_format='Hardcover', edition='2nd', pages=788, publisher='Cambridge University Press', publish_date=1999-02-01, first_publish_date=1960-09-25, liked_percent=79, price=42.61}
Book{bookId=20141, title='Understanding Algorithms and Future Trends', rating=4.2, description='Are you ready to dive deep into the world of Understanding Algorithms and Future Trends? This book is designed to take you through the essentials while also expanding your understanding of the nuances involved.', language='English', isbn='978-1-393-3-3', book_format='eBook', edition='3rd', pages=1172, publisher='O'Reilly Media', publish_date=2015-11-07, first_publish_date=1999-06-29, liked_percent=74, price=92.22}
Book{bookId=20155, title='The Future of Algorithms and Future Trends', rating=4, description='The Future of Algorithms and Future Trends provides a comprehensive overview of its subject matter. It delves into the intricacies of The Future of Algorithms and Future Trends, making it accessible to both beginners and advanced readers. With thorough explanations and practical examples, it aims to equip you with the knowledge necessary to excel in this field.', language='English', isbn='978-6-796-7682-3', book_format='Hardcover', edition='3rd', pages=758, publisher='O'Reilly Media', publish_date=2000-12-30, first_publish_date=1955-04-07, liked_percent=76, price=34.01}
Book{bookId=20163, title='Innovations in Algorithms and Future Trends', rating=1.8, description='Discover the world of Innovations in Algorithms and Future Trends through this enlightening book. It provides a detailed examination of critical theories and frameworks, helping readers to develop a robust understanding of the subject.', language='English', isbn='978-3-79-155-9', book_format='Hardcover', edition='4th', pages=920, publisher='Springer', publish_date=2008-09-24, first_publish_date=1978-03-08, liked_percent=81, price=60.32}
Book{bookId=20174, title='A Comprehensive Guide to Algorithms for Beginners', rating=4.7, description='In A Comprehensive Guide to Algorithms for Beginners, the author explores the fundamental principles and methodologies that define the field. This enlightening read not only highlights key concepts but also challenges the reader to think critically about the implications of A Comprehensive Guide to Algorithms for Beginners in the modern world.', language='English', isbn='978-3-661-5688-6', book_format='eBook', edition='3rd', pages=466, publisher='Cambridge University Press', publish_date=2015-07-29, first_publish_date=2006-03-06, liked_percent=98, price=66.38}
Book{bookId=20186, title='The Future of Algorithms and Applications', rating=3.3, description='Are you ready to dive deep into the world of The Future of Algorithms and Applications? This book is designed to take you through the essentials while also expanding your understanding of the nuances involved.', language='English', isbn='978-7-215-1296-3', book_format='Paperback', edition='2nd', pages=395, publisher='Springer', publish_date=2015-12-05, first_publish_date=1972-01-26, liked_percent=85, price=86.36}
Book{bookId=20254, title='Advanced Techniques in Algorithms and Applications', rating=4.8, description='Advanced Techniques in Algorithms and Applications provides a comprehensive overview of its subject matter. It delves into the intricacies of Advanced Techniques in Algorithms and Applications, making it accessible to both beginners and advanced readers. With thorough explanations and practical examples, it aims to equip you with the knowledge necessary to excel in this field.', language='English', isbn='978-9-790-1827-4', book_format='Hardcover', edition='1st', pages=338, publisher='McGraw-Hill', publish_date=2016-11-24, first_publish_date=1950-02-22, liked_percent=84, price=75.13}
Book{bookId=20265, title='Understanding Algorithms in Practice', rating=2.3, description='Discover the world of Understanding Algorithms in Practice through this enlightening book. It provides a detailed examination of critical theories and frameworks, helping readers to develop a robust understanding of the subject.', language='English', isbn='978-8-297-5085-2', book_format='eBook', edition='2nd', pages=528, publisher='Elsevier', publish_date=2017-09-26, first_publish_date=1961-10-27, liked_percent=88, price=70.22}
Book{bookId=20276, title='A Comprehensive Guide to Algorithms from Scratch', rating=1.7, description='A Comprehensive Guide to Algorithms from Scratch provides a comprehensive overview of its subject matter. It delves into the intricacies of A Comprehensive Guide to Algorithms from Scratch, making it accessible to both beginners and advanced readers. With thorough explanations and practical examples, it aims to equip you with the knowledge necessary to excel in this field.', language='English', isbn='978-7-998-4691-5', book_format='Hardcover', edition='2nd', pages=268, publisher='McGraw-Hill', publish_date=2010-06-08, first_publish_date=2001-07-03, liked_percent=98, price=80.85}
Book{bookId=20291, title='Advanced Techniques in Algorithms for Everyone', rating=4.3, description='Discover the world of Advanced Techniques in Algorithms for Everyone through this enlightening book. It provides a detailed examination of critical theories and frameworks, helping readers to develop a robust understanding of the subject.', language='English', isbn='978-0-364-336-9', book_format='eBook', edition='3rd', pages=321, publisher='McGraw-Hill', publish_date=2017-09-08, first_publish_date=1964-09-15, liked_percent=99, price=52.26}
Book{bookId=20312, title='Exploring Algorithms for Beginners', rating=1.7, description='Are you ready to dive deep into the world of Exploring Algorithms for Beginners? This book is designed to take you through the essentials while also expanding your understanding of the nuances involved.', language='English', isbn='978-0-523-5105-5', book_format='Hardcover', edition='2nd', pages=738, publisher='Packt Publishing', publish_date=2006-04-16, first_publish_date=1977-10-23, liked_percent=100, price=61.89}
Book{bookId=20315, title='A Comprehensive Guide to Algorithms and Applications', rating=2.4, description='Discover the world of A Comprehensive Guide to Algorithms and Applications through this enlightening book. It provides a detailed examination of critical theories and frameworks, helping readers to develop a robust understanding of the subject.', language='English', isbn='978-7-53-6613-8', book_format='Hardcover', edition='2nd', pages=886, publisher='Harvard University Press', publish_date=1993-01-06, first_publish_date=1954-07-09, liked_percent=74, price=28.25}
Book{bookId=20335, title='Exploring Algorithms with Python', rating=1.7, description='Exploring Algorithms with Python provides a comprehensive overview of its subject matter. It delves into the intricacies of Exploring Algorithms with Python, making it accessible to both beginners and advanced readers. With thorough explanations and practical examples, it aims to equip you with the knowledge necessary to excel in this field.', language='English', isbn='978-5-488-976-6', book_format='eBook', edition='3rd', pages=970, publisher='Cambridge University Press', publish_date=1998-03-04, first_publish_date=1971-04-20, liked_percent=95, price=79.71}
Book{bookId=20416, title='The Future of Algorithms and Future Trends', rating=3.6, description='The Future of Algorithms and Future Trends provides a comprehensive overview of its subject matter. It delves into the intricacies of The Future of Algorithms and Future Trends, making it accessible to both beginners and advanced readers. With thorough explanations and practical examples, it aims to equip you with the knowledge necessary to excel in this field.', language='English', isbn='978-2-696-6653-3', book_format='Hardcover', edition='1st', pages=283, publisher='Prentice Hall', publish_date=2015-05-14, first_publish_date=1988-05-17, liked_percent=78, price=33.56}
Book{bookId=20436, title='Mastering Algorithms for Professionals', rating=3, description='Mastering Algorithms for Professionals provides a comprehensive overview of its subject matter. It delves into the intricacies of Mastering Algorithms for Professionals, making it accessible to both beginners and advanced readers. With thorough explanations and practical examples, it aims to equip you with the knowledge necessary to excel in this field.', language='English', isbn='978-0-456-9605-6', book_format='eBook', edition='5th', pages=896, publisher='Packt Publishing', publish_date=1990-03-23, first_publish_date=1982-04-07, liked_percent=87, price=70.29}
Book{bookId=20463, title='The Essentials of Algorithms from Scratch', rating=3.1, description='Discover the world of The Essentials of Algorithms from Scratch through this enlightening book. It provides a detailed examination of critical theories and frameworks, helping readers to develop a robust understanding of the subject.', language='English', isbn='978-6-947-2084-1', book_format='eBook', edition='4th', pages=464, publisher='Elsevier', publish_date=2012-05-07, first_publish_date=1986-09-16, liked_percent=91, price=14.57}
Book{bookId=20475, title='The Future of Algorithms and Applications', rating=4.4, description='Discover the world of The Future of Algorithms and Applications through this enlightening book. It provides a detailed examination of critical theories and frameworks, helping readers to develop a robust understanding of the subject.', language='English', isbn='978-2-855-3487-9', book_format='eBook', edition='3rd', pages=173, publisher='MIT Press', publish_date=2003-11-17, first_publish_date=1952-01-31, liked_percent=98, price=38.53}
Book{bookId=20489, title='Advanced Techniques in Algorithms for Beginners', rating=2.2, description='Discover the world of Advanced Techniques in Algorithms for Beginners through this enlightening book. It provides a detailed examination of critical theories and frameworks, helping readers to develop a robust understanding of the subject.', language='English', isbn='978-0-148-2558-4', book_format='eBook', edition='5th', pages=943, publisher='Cambridge University Press', publish_date=2006-07-13, first_publish_date=1995-10-09, liked_percent=71, price=60.10}
Book{bookId=20529, title='Innovations in Algorithms for Beginners', rating=3.8, description='With Innovations in Algorithms for Beginners, readers are invited to embark on an intellectual adventure. This book tackles the fundamental questions surrounding Innovations in Algorithms for Beginners with a fresh perspective.', language='English', isbn='978-2-480-302-6', book_format='eBook', edition='3rd', pages=319, publisher='MIT Press', publish_date=2005-02-25, first_publish_date=1985-05-05, liked_percent=93, price=48.92}
Book{bookId=20539, title='The Essentials of Algorithms and Beyond', rating=4.7, description='Are you ready to dive deep into the world of The Essentials of Algorithms and Beyond? This book is designed to take you through the essentials while also expanding your understanding of the nuances involved.', language='English', isbn='978-4-448-8514-8', book_format='Hardcover', edition='4th', pages=1048, publisher='MIT Press', publish_date=2009-09-15, first_publish_date=1956-06-28, liked_percent=85, price=78.09}
Book{bookId=20542, title='Innovations in Algorithms and Applications', rating=3.3, description='Discover the world of Innovations in Algorithms and Applications through this enlightening book. It provides a detailed examination of critical theories and frameworks, helping readers to develop a robust understanding of the subject.', language='English', isbn='978-5-78-2923-1', book_format='eBook', edition='5th', pages=677, publisher='Wiley', publish_date=2006-12-30, first_publish_date=1983-04-13, liked_percent=81, price=24.04}
Book{bookId=20559, title='A Comprehensive Guide to Algorithms for Beginners', rating=2, description='Discover the world of A Comprehensive Guide to Algorithms for Beginners through this enlightening book. It provides a detailed examination of critical theories and frameworks, helping readers to develop a robust understanding of the subject.', language='English', isbn='978-6-192-2232-7', book_format='Hardcover', edition='4th', pages=1112, publisher='Cambridge University Press', publish_date=2013-02-28, first_publish_date=1969-06-20, liked_percent=92, price=36.44}
Book{bookId=20591, title='A Comprehensive Guide to Algorithms with Python', rating=4.8, description='In A Comprehensive Guide to Algorithms with Python, the author explores the fundamental principles and methodologies that define the field. This enlightening read not only highlights key concepts but also challenges the reader to think critically about the implications of A Comprehensive Guide to Algorithms with Python in the modern world.', language='English', isbn='978-8-487-4704-7', book_format='eBook', edition='5th', pages=1165, publisher='O'Reilly Media', publish_date=1999-03-01, first_publish_date=1950-05-10, liked_percent=91, price=44.28}
Book{bookId=20594, title='Practical Insights into Algorithms and Future Trends', rating=3.6, description='With Practical Insights into Algorithms and Future Trends, readers are invited to embark on an intellectual adventure. This book tackles the fundamental questions surrounding Practical Insights into Algorithms and Future Trends with a fresh perspective.', language='English', isbn='978-7-848-1128-7', book_format='Paperback', edition='3rd', pages=131, publisher='Elsevier', publish_date=1997-08-19, first_publish_date=1983-02-16, liked_percent=72, price=24.66}
Book{bookId=20595, title='The Complete Handbook of Algorithms in Practice', rating=3, description='Discover the world of The Complete Handbook of Algorithms in Practice through this enlightening book. It provides a detailed examination of critical theories and frameworks, helping readers to develop a robust understanding of the subject.', language='English', isbn='978-1-175-1569-7', book_format='eBook', edition='5th', pages=626, publisher='Cambridge University Press', publish_date=2012-05-14, first_publish_date=1976-03-23, liked_percent=77, price=67.80}
Book{bookId=27873, title='Mastering Algorithms from Scratch', rating=4, description='Are you ready to dive deep into the world of Mastering Algorithms from Scratch? This book is designed to take you through the essentials while also expanding your understanding of the nuances involved.', language='English', isbn='978-5-861-9778-0', book_format='Paperback', edition='5th', pages=734, publisher='Elsevier', publish_date=1998-02-23, first_publish_date=1955-10-07, liked_percent=97, price=24.21}
Book{bookId=20793, title='Mastering Algorithms and Beyond', rating=3.5, description='In Mastering Algorithms and Beyond, the author explores the fundamental principles and methodologies that define the field. This enlightening read not only highlights key concepts but also challenges the reader to think critically about the implications of Mastering Algorithms and Beyond in the modern world.', language='English', isbn='978-4-832-6278-5', book_format='Paperback', edition='3rd', pages=1080, publisher='Wiley', publish_date=2009-06-21, first_publish_date=1966-12-21, liked_percent=77, price=94.71}
Book{bookId=21009, title='Practical Insights into Algorithms and Future Trends', rating=3.2, description='In Practical Insights into Algorithms and Future Trends, the author explores the fundamental principles and methodologies that define the field. This enlightening read not only highlights key concepts but also challenges the reader to think critically about the implications of Practical Insights into Algorithms and Future Trends in the modern world.', language='English', isbn='978-9-960-1850-4', book_format='Paperback', edition='1st', pages=238, publisher='Wiley', publish_date=2020-12-12, first_publish_date=1980-02-15, liked_percent=76, price=76.73}
Book{bookId=21164, title='Understanding Algorithms in Practice', rating=4.7, description='Are you ready to dive deep into the world of Understanding Algorithms in Practice? This book is designed to take you through the essentials while also expanding your understanding of the nuances involved.', language='English', isbn='978-2-460-1047-2', book_format='Paperback', edition='5th', pages=931, publisher='Springer', publish_date=2005-01-05, first_publish_date=1969-04-03, liked_percent=88, price=65.15}
Book{bookId=21204, title='Understanding Algorithms for Beginners', rating=3.9, description='Understanding Algorithms for Beginners provides a comprehensive overview of its subject matter. It delves into the intricacies of Understanding Algorithms for Beginners, making it accessible to both beginners and advanced readers. With thorough explanations and practical examples, it aims to equip you with the knowledge necessary to excel in this field.', language='English', isbn='978-4-845-7872-1', book_format='Paperback', edition='4th', pages=430, publisher='Cambridge University Press', publish_date=2004-02-29, first_publish_date=1998-01-02, liked_percent=76, price=28.34}
Book{bookId=21246, title='The Future of Algorithms in Practice', rating=2.3, description='With The Future of Algorithms in Practice, readers are invited to embark on an intellectual adventure. This book tackles the fundamental questions surrounding The Future of Algorithms in Practice with a fresh perspective.', language='English', isbn='978-3-742-5463-2', book_format='eBook', edition='1st', pages=144, publisher='Springer', publish_date=1996-03-03, first_publish_date=1991-07-09, liked_percent=90, price=43.33}
Book{bookId=21281, title='Practical Insights into Algorithms for Beginners', rating=2.4, description='In Practical Insights into Algorithms for Beginners, the author explores the fundamental principles and methodologies that define the field. This enlightening read not only highlights key concepts but also challenges the reader to think critically about the implications of Practical Insights into Algorithms for Beginners in the modern world.', language='English', isbn='978-4-286-8240-8', book_format='eBook', edition='3rd', pages=193, publisher='Prentice Hall', publish_date=2007-05-21, first_publish_date=1975-09-01, liked_percent=85, price=22.55}
Book{bookId=21535, title='The Essentials of Algorithms and Beyond', rating=4.4, description='In The Essentials of Algorithms and Beyond, the author explores the fundamental principles and methodologies that define the field. This enlightening read not only highlights key concepts but also challenges the reader to think critically about the implications of The Essentials of Algorithms and Beyond in the modern world.', language='English', isbn='978-4-875-6963-2', book_format='Paperback', edition='2nd', pages=375, publisher='Cambridge University Press', publish_date=1993-04-09, first_publish_date=1983-03-29, liked_percent=89, price=12.59}
Book{bookId=20390, title='Understanding Algorithms and Applications', rating=1.3, description='Understanding Algorithms and Applications provides a comprehensive overview of its subject matter. It delves into the intricacies of Understanding Algorithms and Applications, making it accessible to both beginners and advanced readers. With thorough explanations and practical examples, it aims to equip you with the knowledge necessary to excel in this field.', language='English', isbn='978-0-220-9806-9', book_format='eBook', edition='2nd', pages=451, publisher='Harvard University Press', publish_date=2006-12-30, first_publish_date=1985-02-21, liked_percent=95, price=14.89}
Book{bookId=20396, title='The Complete Handbook of Algorithms in Practice', rating=2.6, description='With The Complete Handbook of Algorithms in Practice, readers are invited to embark on an intellectual adventure. This book tackles the fundamental questions surrounding The Complete Handbook of Algorithms in Practice with a fresh perspective.', language='English', isbn='978-3-127-8059-3', book_format='Hardcover', edition='5th', pages=1126, publisher='McGraw-Hill', publish_date=2006-01-29, first_publish_date=1951-08-20, liked_percent=97, price=83.12}
Book{bookId=20573, title='Advanced Techniques in Algorithms for Everyone', rating=1.3, description='Discover the world of Advanced Techniques in Algorithms for Everyone through this enlightening book. It provides a detailed examination of critical theories and frameworks, helping readers to develop a robust understanding of the subject.', language='English', isbn='978-3-26-6594-8', book_format='Hardcover', edition='2nd', pages=803, publisher='Springer', publish_date=2016-07-17, first_publish_date=2004-03-11, liked_percent=80, price=29.29}
Book{bookId=20625, title='Understanding Algorithms from Scratch', rating=4.6, description='With Understanding Algorithms from Scratch, readers are invited to embark on an intellectual adventure. This book tackles the fundamental questions surrounding Understanding Algorithms from Scratch with a fresh perspective.', language='English', isbn='978-7-692-3272-6', book_format='Hardcover', edition='4th', pages=511, publisher='Packt Publishing', publish_date=1999-06-25, first_publish_date=1999-06-19, liked_percent=73, price=79.25}
Book{bookId=20646, title='Advanced Techniques in Algorithms and Beyond', rating=3.5, description='Advanced Techniques in Algorithms and Beyond provides a comprehensive overview of its subject matter. It delves into the intricacies of Advanced Techniques in Algorithms and Beyond, making it accessible to both beginners and advanced readers. With thorough explanations and practical examples, it aims to equip you with the knowledge necessary to excel in this field.', language='English', isbn='978-6-871-1176-9', book_format='Paperback', edition='2nd', pages=1031, publisher='Packt Publishing', publish_date=2021-05-24, first_publish_date=1973-01-21, liked_percent=94, price=59.50}
Book{bookId=20654, title='Understanding Algorithms and Beyond', rating=1.5, description='Discover the world of Understanding Algorithms and Beyond through this enlightening book. It provides a detailed examination of critical theories and frameworks, helping readers to develop a robust understanding of the subject.', language='English', isbn='978-9-482-268-5', book_format='eBook', edition='2nd', pages=814, publisher='Springer', publish_date=2001-02-03, first_publish_date=1978-06-19, liked_percent=84, price=43.70}
Book{bookId=20661, title='Innovations in Algorithms in the Modern World', rating=1.3, description='Are you ready to dive deep into the world of Innovations in Algorithms in the Modern World? This book is designed to take you through the essentials while also expanding your understanding of the nuances involved.', language='English', isbn='978-5-522-9753-5', book_format='eBook', edition='1st', pages=706, publisher='Wiley', publish_date=2009-04-09, first_publish_date=1950-06-07, liked_percent=94, price=73.36}
Book{bookId=20663, title='Mastering Algorithms and Applications', rating=2.1, description='Are you ready to dive deep into the world of Mastering Algorithms and Applications? This book is designed to take you through the essentials while also expanding your understanding of the nuances involved.', language='English', isbn='978-5-909-4990-0', book_format='Hardcover', edition='1st', pages=201, publisher='Cambridge University Press', publish_date=1998-11-21, first_publish_date=1996-09-09, liked_percent=92, price=54.72}
Book{bookId=20697, title='A Comprehensive Guide to Algorithms and Future Trends', rating=2.1, description='A Comprehensive Guide to Algorithms and Future Trends provides a comprehensive overview of its subject matter. It delves into the intricacies of A Comprehensive Guide to Algorithms and Future Trends, making it accessible to both beginners and advanced readers. With thorough explanations and practical examples, it aims to equip you with the knowledge necessary to excel in this field.', language='English', isbn='978-6-660-6693-8', book_format='Paperback', edition='3rd', pages=1114, publisher='Wiley', publish_date=2012-09-17, first_publish_date=1958-10-17, liked_percent=96, price=96.55}
Book{bookId=20740, title='Advanced Techniques in Algorithms and Future Trends', rating=4.3, description='In Advanced Techniques in Algorithms and Future Trends, the author explores the fundamental principles and methodologies that define the field. This enlightening read not only highlights key concepts but also challenges the reader to think critically about the implications of Advanced Techniques in Algorithms and Future Trends in the modern world.', language='English', isbn='978-8-696-6285-0', book_format='Hardcover', edition='1st', pages=206, publisher='Elsevier', publish_date=1999-01-31, first_publish_date=1971-12-20, liked_percent=78, price=13.09}
Book{bookId=20813, title='Practical Insights into Algorithms from Scratch', rating=2.3, description='In Practical Insights into Algorithms from Scratch, the author explores the fundamental principles and methodologies that define the field. This enlightening read not only highlights key concepts but also challenges the reader to think critically about the implications of Practical Insights into Algorithms from Scratch in the modern world.', language='English', isbn='978-9-135-2721-9', book_format='Hardcover', edition='3rd', pages=997, publisher='Elsevier', publish_date=2004-09-08, first_publish_date=1984-01-09, liked_percent=93, price=36.46}
Book{bookId=20856, title='Advanced Techniques in Algorithms in the Modern World', rating=3.2, description='Discover the world of Advanced Techniques in Algorithms in the Modern World through this enlightening book. It provides a detailed examination of critical theories and frameworks, helping readers to develop a robust understanding of the subject.', language='English', isbn='978-0-528-1592-0', book_format='Paperback', edition='5th', pages=118, publisher='Springer', publish_date=1999-01-17, first_publish_date=1960-11-04, liked_percent=94, price=45.46}
Book{bookId=20957, title='The Essentials of Algorithms for Professionals', rating=3.7, description='With The Essentials of Algorithms for Professionals, readers are invited to embark on an intellectual adventure. This book tackles the fundamental questions surrounding The Essentials of Algorithms for Professionals with a fresh perspective.', language='English', isbn='978-3-302-9377-5', book_format='Paperback', edition='4th', pages=1128, publisher='MIT Press', publish_date=2020-06-17, first_publish_date=1967-04-27, liked_percent=94, price=81.23}
Book{bookId=21210, title='The Future of Algorithms for Professionals', rating=3.4, description='The Future of Algorithms for Professionals provides a comprehensive overview of its subject matter. It delves into the intricacies of The Future of Algorithms for Professionals, making it accessible to both beginners and advanced readers. With thorough explanations and practical examples, it aims to equip you with the knowledge necessary to excel in this field.', language='English', isbn='978-3-334-3545-9', book_format='Hardcover', edition='3rd', pages=847, publisher='O'Reilly Media', publish_date=2011-10-08, first_publish_date=1961-08-18, liked_percent=91, price=85.87}
Book{bookId=27608, title='Understanding Algorithms in Practice', rating=3, description='Are you ready to dive deep into the world of Understanding Algorithms in Practice? This book is designed to take you through the essentials while also expanding your understanding of the nuances involved.', language='English', isbn='978-9-813-7026-9', book_format='Paperback', edition='5th', pages=306, publisher='McGraw-Hill', publish_date=2001-03-18, first_publish_date=1983-08-15, liked_percent=70, price=85.24}
Book{bookId=21303, title='A Comprehensive Guide to Algorithms in the Modern World', rating=4.4, description='Discover the world of A Comprehensive Guide to Algorithms in the Modern World through this enlightening book. It provides a detailed examination of critical theories and frameworks, helping readers to develop a robust understanding of the subject.', language='English', isbn='978-0-674-9008-6', book_format='Hardcover', edition='1st', pages=558, publisher='O'Reilly Media', publish_date=2007-09-16, first_publish_date=2001-09-07, liked_percent=98, price=90.18}
Book{bookId=21413, title='Exploring Algorithms for Professionals', rating=3.8, description='With Exploring Algorithms for Professionals, readers are invited to embark on an intellectual adventure. This book tackles the fundamental questions surrounding Exploring Algorithms for Professionals with a fresh perspective.', language='English', isbn='978-0-812-4571-4', book_format='eBook', edition='4th', pages=1008, publisher='Prentice Hall', publish_date=2018-04-16, first_publish_date=1985-12-26, liked_percent=71, price=21.32}
Book{bookId=21510, title='A Comprehensive Guide to Algorithms in Practice', rating=2.6, description='Are you ready to dive deep into the world of A Comprehensive Guide to Algorithms in Practice? This book is designed to take you through the essentials while also expanding your understanding of the nuances involved.', language='English', isbn='978-4-974-9839-3', book_format='eBook', edition='2nd', pages=245, publisher='Wiley', publish_date=2008-01-30, first_publish_date=1985-03-03, liked_percent=73, price=98.20}
Book{bookId=21546, title='Advanced Techniques in Algorithms for Everyone', rating=4.1, description='Are you ready to dive deep into the world of Advanced Techniques in Algorithms for Everyone? This book is designed to take you through the essentials while also expanding your understanding of the nuances involved.', language='English', isbn='978-8-921-5326-3', book_format='eBook', edition='3rd', pages=689, publisher='Packt Publishing', publish_date=2018-09-14, first_publish_date=1966-08-05, liked_percent=71, price=87.41}
Book{bookId=21610, title='The Future of Algorithms from Scratch', rating=2.4, description='Discover the world of The Future of Algorithms from Scratch through this enlightening book. It provides a detailed examination of critical theories and frameworks, helping readers to develop a robust understanding of the subject.', language='English', isbn='978-9-673-3251-6', book_format='eBook', edition='3rd', pages=957, publisher='MIT Press', publish_date=2021-11-04, first_publish_date=2004-02-10, liked_percent=76, price=48.16}
Book{bookId=21624, title='Mastering Algorithms in the Modern World', rating=5, description='Mastering Algorithms in the Modern World provides a comprehensive overview of its subject matter. It delves into the intricacies of Mastering Algorithms in the Modern World, making it accessible to both beginners and advanced readers. With thorough explanations and practical examples, it aims to equip you with the knowledge necessary to excel in this field.', language='English', isbn='978-7-625-5901-9', book_format='Paperback', edition='1st', pages=1102, publisher='McGraw-Hill', publish_date=1996-03-04, first_publish_date=1959-01-10, liked_percent=76, price=51.52}
Book{bookId=20567, title='Practical Insights into Algorithms in the Modern World', rating=2.5, description='With Practical Insights into Algorithms in the Modern World, readers are invited to embark on an intellectual adventure. This book tackles the fundamental questions surrounding Practical Insights into Algorithms in the Modern World with a fresh perspective.', language='English', isbn='978-5-16-8063-2', book_format='eBook', edition='4th', pages=144, publisher='Packt Publishing', publish_date=2023-10-05, first_publish_date=1976-08-18, liked_percent=76, price=21.37}
Book{bookId=20569, title='Mastering Algorithms from Scratch', rating=1.2, description='With Mastering Algorithms from Scratch, readers are invited to embark on an intellectual adventure. This book tackles the fundamental questions surrounding Mastering Algorithms from Scratch with a fresh perspective.', language='English', isbn='978-4-203-3388-4', book_format='eBook', edition='4th', pages=993, publisher='Harvard University Press', publish_date=2001-05-19, first_publish_date=1983-02-23, liked_percent=99, price=44.73}
Book{bookId=20613, title='Mastering Algorithms with Python', rating=1.2, description='With Mastering Algorithms with Python, readers are invited to embark on an intellectual adventure. This book tackles the fundamental questions surrounding Mastering Algorithms with Python with a fresh perspective.', language='English', isbn='978-9-5-961-4', book_format='eBook', edition='1st', pages=801, publisher='Cambridge University Press', publish_date=1996-04-09, first_publish_date=1964-05-06, liked_percent=98, price=35.56}
Book{bookId=20682, title='Exploring Algorithms in the Modern World', rating=4.1, description='Discover the world of Exploring Algorithms in the Modern World through this enlightening book. It provides a detailed examination of critical theories and frameworks, helping readers to develop a robust understanding of the subject.', language='English', isbn='978-2-599-1995-4', book_format='Hardcover', edition='5th', pages=566, publisher='O'Reilly Media', publish_date=2018-10-10, first_publish_date=1999-09-15, liked_percent=98, price=32.30}
Book{bookId=20700, title='Practical Insights into Algorithms and Future Trends', rating=1.8, description='Discover the world of Practical Insights into Algorithms and Future Trends through this enlightening book. It provides a detailed examination of critical theories and frameworks, helping readers to develop a robust understanding of the subject.', language='English', isbn='978-4-41-3903-2', book_format='eBook', edition='3rd', pages=515, publisher='Wiley', publish_date=1998-03-21, first_publish_date=1967-01-14, liked_percent=93, price=59.92}
Book{bookId=20724, title='The Essentials of Algorithms for Professionals', rating=2.1, description='Are you ready to dive deep into the world of The Essentials of Algorithms for Professionals? This book is designed to take you through the essentials while also expanding your understanding of the nuances involved.', language='English', isbn='978-7-917-4580-7', book_format='Paperback', edition='3rd', pages=479, publisher='McGraw-Hill', publish_date=2023-08-10, first_publish_date=1954-07-14, liked_percent=96, price=26.66}
Book{bookId=20775, title='Exploring Algorithms in the Modern World', rating=2.6, description='Discover the world of Exploring Algorithms in the Modern World through this enlightening book. It provides a detailed examination of critical theories and frameworks, helping readers to develop a robust understanding of the subject.', language='English', isbn='978-8-897-7630-6', book_format='eBook', edition='5th', pages=842, publisher='Harvard University Press', publish_date=2023-07-17, first_publish_date=1965-08-16, liked_percent=92, price=87.28}
Book{bookId=20807, title='Practical Insights into Algorithms in Practice', rating=1.9, description='With Practical Insights into Algorithms in Practice, readers are invited to embark on an intellectual adventure. This book tackles the fundamental questions surrounding Practical Insights into Algorithms in Practice with a fresh perspective.', language='English', isbn='978-8-676-1306-3', book_format='Hardcover', edition='5th', pages=877, publisher='Wiley', publish_date=2002-11-02, first_publish_date=1981-05-12, liked_percent=94, price=90.65}
Book{bookId=20823, title='The Essentials of Algorithms from Scratch', rating=4.9, description='Discover the world of The Essentials of Algorithms from Scratch through this enlightening book. It provides a detailed examination of critical theories and frameworks, helping readers to develop a robust understanding of the subject.', language='English', isbn='978-0-640-2212-8', book_format='Paperback', edition='3rd', pages=839, publisher='O'Reilly Media', publish_date=2016-02-16, first_publish_date=1979-05-16, liked_percent=96, price=33.16}
Book{bookId=20899, title='The Complete Handbook of Algorithms for Beginners', rating=3.9, description='With The Complete Handbook of Algorithms for Beginners, readers are invited to embark on an intellectual adventure. This book tackles the fundamental questions surrounding The Complete Handbook of Algorithms for Beginners with a fresh perspective.', language='English', isbn='978-3-590-482-7', book_format='Hardcover', edition='2nd', pages=1113, publisher='Packt Publishing', publish_date=1999-05-25, first_publish_date=1982-07-29, liked_percent=90, price=12.69}
Book{bookId=21076, title='Innovations in Algorithms for Professionals', rating=1.3, description='Innovations in Algorithms for Professionals provides a comprehensive overview of its subject matter. It delves into the intricacies of Innovations in Algorithms for Professionals, making it accessible to both beginners and advanced readers. With thorough explanations and practical examples, it aims to equip you with the knowledge necessary to excel in this field.', language='English', isbn='978-6-198-4685-7', book_format='eBook', edition='2nd', pages=210, publisher='Prentice Hall', publish_date=2011-08-25, first_publish_date=1989-07-20, liked_percent=93, price=29.69}
Book{bookId=21087, title='Advanced Techniques in Algorithms for Professionals', rating=3.2, description='With Advanced Techniques in Algorithms for Professionals, readers are invited to embark on an intellectual adventure. This book tackles the fundamental questions surrounding Advanced Techniques in Algorithms for Professionals with a fresh perspective.', language='English', isbn='978-5-392-509-0', book_format='eBook', edition='3rd', pages=1088, publisher='MIT Press', publish_date=1996-08-03, first_publish_date=1965-01-18, liked_percent=78, price=78.23}
Book{bookId=21111, title='Innovations in Algorithms for Professionals', rating=3, description='With Innovations in Algorithms for Professionals, readers are invited to embark on an intellectual adventure. This book tackles the fundamental questions surrounding Innovations in Algorithms for Professionals with a fresh perspective.', language='English', isbn='978-3-606-5216-8', book_format='Paperback', edition='3rd', pages=980, publisher='Elsevier', publish_date=2014-02-04, first_publish_date=1962-11-29, liked_percent=83, price=61.08}
Book{bookId=21169, title='Understanding Algorithms with Python', rating=2.6, description='In Understanding Algorithms with Python, the author explores the fundamental principles and methodologies that define the field. This enlightening read not only highlights key concepts but also challenges the reader to think critically about the implications of Understanding Algorithms with Python in the modern world.', language='English', isbn='978-7-991-8522-8', book_format='Hardcover', edition='4th', pages=839, publisher='Cambridge University Press', publish_date=2001-01-14, first_publish_date=1979-06-10, liked_percent=74, price=70.98}
Book{bookId=21172, title='The Future of Algorithms with Python', rating=4.4, description='With The Future of Algorithms with Python, readers are invited to embark on an intellectual adventure. This book tackles the fundamental questions surrounding The Future of Algorithms with Python with a fresh perspective.', language='English', isbn='978-2-10-8422-4', book_format='eBook', edition='5th', pages=559, publisher='Wiley', publish_date=2001-02-08, first_publish_date=1998-01-06, liked_percent=80, price=85.74}
Book{bookId=21195, title='Understanding Algorithms and Applications', rating=4.5, description='With Understanding Algorithms and Applications, readers are invited to embark on an intellectual adventure. This book tackles the fundamental questions surrounding Understanding Algorithms and Applications with a fresh perspective.', language='English', isbn='978-5-167-1903-0', book_format='Paperback', edition='4th', pages=783, publisher='Wiley', publish_date=1994-11-29, first_publish_date=1951-06-30, liked_percent=98, price=36.13}
Book{bookId=21256, title='Exploring Algorithms for Beginners', rating=1.1, description='Are you ready to dive deep into the world of Exploring Algorithms for Beginners? This book is designed to take you through the essentials while also expanding your understanding of the nuances involved.', language='English', isbn='978-8-907-7356-1', book_format='eBook', edition='3rd', pages=717, publisher='Packt Publishing', publish_date=2017-10-22, first_publish_date=1984-08-24, liked_percent=95, price=93.07}
Book{bookId=21290, title='Advanced Techniques in Algorithms for Beginners', rating=4.2, description='With Advanced Techniques in Algorithms for Beginners, readers are invited to embark on an intellectual adventure. This book tackles the fundamental questions surrounding Advanced Techniques in Algorithms for Beginners with a fresh perspective.', language='English', isbn='978-8-875-5114-6', book_format='Paperback', edition='4th', pages=825, publisher='Harvard University Press', publish_date=2018-07-01, first_publish_date=1996-11-28, liked_percent=94, price=57.15}
Book{bookId=21339, title='Innovations in Algorithms and Future Trends', rating=4.9, description='With Innovations in Algorithms and Future Trends, readers are invited to embark on an intellectual adventure. This book tackles the fundamental questions surrounding Innovations in Algorithms and Future Trends with a fresh perspective.', language='English', isbn='978-8-772-7836-8', book_format='eBook', edition='5th', pages=656, publisher='O'Reilly Media', publish_date=2006-09-24, first_publish_date=1952-02-11, liked_percent=91, price=24.22}
Book{bookId=21375, title='The Complete Handbook of Algorithms for Professionals', rating=1.6, description='The Complete Handbook of Algorithms for Professionals provides a comprehensive overview of its subject matter. It delves into the intricacies of The Complete Handbook of Algorithms for Professionals, making it accessible to both beginners and advanced readers. With thorough explanations and practical examples, it aims to equip you with the knowledge necessary to excel in this field.', language='English', isbn='978-0-523-4513-4', book_format='eBook', edition='5th', pages=185, publisher='Elsevier', publish_date=2017-06-18, first_publish_date=2002-02-05, liked_percent=96, price=67.17}
Book{bookId=21377, title='Mastering Algorithms and Future Trends', rating=4.8, description='With Mastering Algorithms and Future Trends, readers are invited to embark on an intellectual adventure. This book tackles the fundamental questions surrounding Mastering Algorithms and Future Trends with a fresh perspective.', language='English', isbn='978-3-798-1310-1', book_format='Hardcover', edition='3rd', pages=292, publisher='O'Reilly Media', publish_date=2002-08-15, first_publish_date=1957-02-09, liked_percent=93, price=42.00}
Book{bookId=21569, title='The Complete Handbook of Algorithms and Beyond', rating=3.4, description='The Complete Handbook of Algorithms and Beyond provides a comprehensive overview of its subject matter. It delves into the intricacies of The Complete Handbook of Algorithms and Beyond, making it accessible to both beginners and advanced readers. With thorough explanations and practical examples, it aims to equip you with the knowledge necessary to excel in this field.', language='English', isbn='978-9-239-773-0', book_format='Hardcover', edition='3rd', pages=631, publisher='Cambridge University Press', publish_date=2017-08-03, first_publish_date=1985-05-22, liked_percent=100, price=18.17}
Book{bookId=22122, title='The Future of Algorithms with Python', rating=3, description='Discover the world of The Future of Algorithms with Python through this enlightening book. It provides a detailed examination of critical theories and frameworks, helping readers to develop a robust understanding of the subject.', language='English', isbn='978-2-234-4966-8', book_format='Hardcover', edition='4th', pages=893, publisher='Cambridge University Press', publish_date=2003-04-02, first_publish_date=1982-12-15, liked_percent=72, price=23.97}
Book{bookId=21645, title='The Future of Algorithms with Python', rating=4, description='Discover the world of The Future of Algorithms with Python through this enlightening book. It provides a detailed examination of critical theories and frameworks, helping readers to develop a robust understanding of the subject.', language='English', isbn='978-2-194-7903-3', book_format='eBook', edition='4th', pages=1138, publisher='Packt Publishing', publish_date=2015-06-01, first_publish_date=2007-06-25, liked_percent=70, price=11.91}
Book{bookId=21659, title='Practical Insights into Algorithms and Future Trends', rating=4.2, description='Practical Insights into Algorithms and Future Trends provides a comprehensive overview of its subject matter. It delves into the intricacies of Practical Insights into Algorithms and Future Trends, making it accessible to both beginners and advanced readers. With thorough explanations and practical examples, it aims to equip you with the knowledge necessary to excel in this field.', language='English', isbn='978-0-381-95-3', book_format='Paperback', edition='4th', pages=971, publisher='Elsevier', publish_date=2004-03-11, first_publish_date=1956-03-04, liked_percent=96, price=93.58}
Book{bookId=21678, title='The Essentials of Algorithms and Beyond', rating=1.6, description='Discover the world of The Essentials of Algorithms and Beyond through this enlightening book. It provides a detailed examination of critical theories and frameworks, helping readers to develop a robust understanding of the subject.', language='English', isbn='978-3-596-9963-8', book_format='eBook', edition='4th', pages=984, publisher='Packt Publishing', publish_date=2019-07-27, first_publish_date=1964-10-28, liked_percent=95, price=67.46}
Book{bookId=21718, title='Understanding Algorithms for Professionals', rating=4.7, description='In Understanding Algorithms for Professionals, the author explores the fundamental principles and methodologies that define the field. This enlightening read not only highlights key concepts but also challenges the reader to think critically about the implications of Understanding Algorithms for Professionals in the modern world.', language='English', isbn='978-4-531-7381-6', book_format='Paperback', edition='1st', pages=822, publisher='Elsevier', publish_date=1999-12-15, first_publish_date=1998-11-03, liked_percent=76, price=78.58}
Book{bookId=21733, title='The Complete Handbook of Algorithms for Professionals', rating=1.8, description='In The Complete Handbook of Algorithms for Professionals, the author explores the fundamental principles and methodologies that define the field. This enlightening read not only highlights key concepts but also challenges the reader to think critically about the implications of The Complete Handbook of Algorithms for Professionals in the modern world.', language='English', isbn='978-8-479-7363-4', book_format='Hardcover', edition='2nd', pages=686, publisher='MIT Press', publish_date=2023-11-11, first_publish_date=1993-06-26, liked_percent=96, price=70.63}
Book{bookId=24038, title='Mastering Algorithms and Beyond', rating=4.2, description='Are you ready to dive deep into the world of Mastering Algorithms and Beyond? This book is designed to take you through the essentials while also expanding your understanding of the nuances involved.', language='English', isbn='978-2-20-7752-2', book_format='Hardcover', edition='5th', pages=1197, publisher='O'Reilly Media', publish_date=2022-09-02, first_publish_date=2018-02-04, liked_percent=72, price=74.03}
Book{bookId=21768, title='The Essentials of Algorithms and Beyond', rating=1.7, description='Are you ready to dive deep into the world of The Essentials of Algorithms and Beyond? This book is designed to take you through the essentials while also expanding your understanding of the nuances involved.', language='English', isbn='978-2-915-4956-9', book_format='Hardcover', edition='2nd', pages=590, publisher='Elsevier', publish_date=1999-01-29, first_publish_date=1971-01-19, liked_percent=91, price=43.56}
Book{bookId=21831, title='The Complete Handbook of Algorithms in Practice', rating=2.6, description='With The Complete Handbook of Algorithms in Practice, readers are invited to embark on an intellectual adventure. This book tackles the fundamental questions surrounding The Complete Handbook of Algorithms in Practice with a fresh perspective.', language='English', isbn='978-4-255-1984-7', book_format='Hardcover', edition='4th', pages=960, publisher='Springer', publish_date=2021-06-20, first_publish_date=1962-04-19, liked_percent=74, price=57.01}
Book{bookId=21834, title='Advanced Techniques in Algorithms and Applications', rating=1.7, description='Discover the world of Advanced Techniques in Algorithms and Applications through this enlightening book. It provides a detailed examination of critical theories and frameworks, helping readers to develop a robust understanding of the subject.', language='English', isbn='978-4-305-8225-6', book_format='eBook', edition='2nd', pages=746, publisher='Cambridge University Press', publish_date=2011-10-29, first_publish_date=2011-10-01, liked_percent=97, price=16.71}
Book{bookId=21848, title='Understanding Algorithms and Future Trends', rating=3, description='In Understanding Algorithms and Future Trends, the author explores the fundamental principles and methodologies that define the field. This enlightening read not only highlights key concepts but also challenges the reader to think critically about the implications of Understanding Algorithms and Future Trends in the modern world.', language='English', isbn='978-7-233-7852-8', book_format='Paperback', edition='1st', pages=412, publisher='Packt Publishing', publish_date=2009-05-02, first_publish_date=1983-09-20, liked_percent=97, price=96.01}
Book{bookId=21862, title='Practical Insights into Algorithms in Practice', rating=1.7, description='Are you ready to dive deep into the world of Practical Insights into Algorithms in Practice? This book is designed to take you through the essentials while also expanding your understanding of the nuances involved.', language='English', isbn='978-8-778-9102-0', book_format='eBook', edition='4th', pages=724, publisher='MIT Press', publish_date=2009-01-16, first_publish_date=2003-08-01, liked_percent=71, price=25.70}
Book{bookId=21864, title='The Complete Handbook of Algorithms for Beginners', rating=4.7, description='The Complete Handbook of Algorithms for Beginners provides a comprehensive overview of its subject matter. It delves into the intricacies of The Complete Handbook of Algorithms for Beginners, making it accessible to both beginners and advanced readers. With thorough explanations and practical examples, it aims to equip you with the knowledge necessary to excel in this field.', language='English', isbn='978-1-539-7862-2', book_format='Paperback', edition='4th', pages=1069, publisher='MIT Press', publish_date=2011-05-17, first_publish_date=1955-11-05, liked_percent=91, price=37.46}
Book{bookId=21884, title='The Future of Algorithms for Professionals', rating=2.3, description='The Future of Algorithms for Professionals provides a comprehensive overview of its subject matter. It delves into the intricacies of The Future of Algorithms for Professionals, making it accessible to both beginners and advanced readers. With thorough explanations and practical examples, it aims to equip you with the knowledge necessary to excel in this field.', language='English', isbn='978-5-445-410-5', book_format='eBook', edition='4th', pages=487, publisher='Cambridge University Press', publish_date=2020-06-05, first_publish_date=1971-03-24, liked_percent=79, price=78.35}
Book{bookId=21911, title='A Comprehensive Guide to Algorithms in Practice', rating=3.2, description='Are you ready to dive deep into the world of A Comprehensive Guide to Algorithms in Practice? This book is designed to take you through the essentials while also expanding your understanding of the nuances involved.', language='English', isbn='978-3-953-3848-8', book_format='eBook', edition='2nd', pages=845, publisher='MIT Press', publish_date=2006-10-15, first_publish_date=1955-07-29, liked_percent=87, price=14.84}
Book{bookId=21920, title='Exploring Algorithms and Applications', rating=2.3, description='With Exploring Algorithms and Applications, readers are invited to embark on an intellectual adventure. This book tackles the fundamental questions surrounding Exploring Algorithms and Applications with a fresh perspective.', language='English', isbn='978-6-122-4698-1', book_format='Hardcover', edition='4th', pages=974, publisher='Harvard University Press', publish_date=1995-08-24, first_publish_date=1963-07-17, liked_percent=93, price=31.70}
Book{bookId=21947, title='A Comprehensive Guide to Algorithms in Practice', rating=3.7, description='In A Comprehensive Guide to Algorithms in Practice, the author explores the fundamental principles and methodologies that define the field. This enlightening read not only highlights key concepts but also challenges the reader to think critically about the implications of A Comprehensive Guide to Algorithms in Practice in the modern world.', language='English', isbn='978-1-334-3090-4', book_format='eBook', edition='5th', pages=808, publisher='Springer', publish_date=2011-02-16, first_publish_date=1972-03-29, liked_percent=81, price=92.17}
Book{bookId=21986, title='Practical Insights into Algorithms and Future Trends', rating=4.6, description='Discover the world of Practical Insights into Algorithms and Future Trends through this enlightening book. It provides a detailed examination of critical theories and frameworks, helping readers to develop a robust understanding of the subject.', language='English', isbn='978-6-707-8368-5', book_format='Hardcover', edition='3rd', pages=580, publisher='O'Reilly Media', publish_date=2017-12-11, first_publish_date=1987-12-01, liked_percent=94, price=53.93}
Book{bookId=22033, title='Practical Insights into Algorithms for Everyone', rating=1.8, description='In Practical Insights into Algorithms for Everyone, the author explores the fundamental principles and methodologies that define the field. This enlightening read not only highlights key concepts but also challenges the reader to think critically about the implications of Practical Insights into Algorithms for Everyone in the modern world.', language='English', isbn='978-0-696-6726-4', book_format='eBook', edition='1st', pages=772, publisher='Wiley', publish_date=1992-10-10, first_publish_date=1970-08-05, liked_percent=89, price=66.53}
Book{bookId=22053, title='Innovations in Algorithms and Future Trends', rating=1.8, description='Innovations in Algorithms and Future Trends provides a comprehensive overview of its subject matter. It delves into the intricacies of Innovations in Algorithms and Future Trends, making it accessible to both beginners and advanced readers. With thorough explanations and practical examples, it aims to equip you with the knowledge necessary to excel in this field.', language='English', isbn='978-8-629-6796-0', book_format='Paperback', edition='2nd', pages=991, publisher='Elsevier', publish_date=2003-12-04, first_publish_date=1964-05-12, liked_percent=80, price=42.15}
Book{bookId=22075, title='Innovations in Algorithms and Applications', rating=1.1, description='Discover the world of Innovations in Algorithms and Applications through this enlightening book. It provides a detailed examination of critical theories and frameworks, helping readers to develop a robust understanding of the subject.', language='English', isbn='978-1-768-8579-8', book_format='eBook', edition='1st', pages=1128, publisher='Harvard University Press', publish_date=2001-03-13, first_publish_date=1955-04-13, liked_percent=100, price=58.92}
Book{bookId=22236, title='The Essentials of Algorithms and Applications', rating=3, description='With The Essentials of Algorithms and Applications, readers are invited to embark on an intellectual adventure. This book tackles the fundamental questions surrounding The Essentials of Algorithms and Applications with a fresh perspective.', language='English', isbn='978-3-130-7961-5', book_format='Paperback', edition='2nd', pages=260, publisher='Elsevier', publish_date=1993-07-18, first_publish_date=1982-03-12, liked_percent=72, price=55.41}
Book{bookId=22464, title='Exploring Algorithms for Beginners', rating=1.5, description='With Exploring Algorithms for Beginners, readers are invited to embark on an intellectual adventure. This book tackles the fundamental questions surrounding Exploring Algorithms for Beginners with a fresh perspective.', language='English', isbn='978-1-38-2251-3', book_format='Hardcover', edition='1st', pages=1136, publisher='Packt Publishing', publish_date=1995-05-08, first_publish_date=1974-08-17, liked_percent=79, price=61.07}
Book{bookId=21603, title='Exploring Algorithms from Scratch', rating=3.1, description='Are you ready to dive deep into the world of Exploring Algorithms from Scratch? This book is designed to take you through the essentials while also expanding your understanding of the nuances involved.', language='English', isbn='978-7-591-7026-2', book_format='eBook', edition='5th', pages=496, publisher='Cambridge University Press', publish_date=1995-08-06, first_publish_date=1977-07-26, liked_percent=97, price=59.86}
Book{bookId=21637, title='Innovations in Algorithms in Practice', rating=2.3, description='With Innovations in Algorithms in Practice, readers are invited to embark on an intellectual adventure. This book tackles the fundamental questions surrounding Innovations in Algorithms in Practice with a fresh perspective.', language='English', isbn='978-3-349-3499-2', book_format='eBook', edition='2nd', pages=744, publisher='O'Reilly Media', publish_date=2011-01-03, first_publish_date=1986-06-12, liked_percent=70, price=56.91}
Book{bookId=21652, title='The Future of Algorithms for Professionals', rating=2.5, description='Discover the world of The Future of Algorithms for Professionals through this enlightening book. It provides a detailed examination of critical theories and frameworks, helping readers to develop a robust understanding of the subject.', language='English', isbn='978-2-852-1392-6', book_format='eBook', edition='3rd', pages=426, publisher='Cambridge University Press', publish_date=2004-11-16, first_publish_date=1974-07-03, liked_percent=76, price=77.80}
Book{bookId=21741, title='Practical Insights into Algorithms in Practice', rating=3.2, description='Practical Insights into Algorithms in Practice provides a comprehensive overview of its subject matter. It delves into the intricacies of Practical Insights into Algorithms in Practice, making it accessible to both beginners and advanced readers. With thorough explanations and practical examples, it aims to equip you with the knowledge necessary to excel in this field.', language='English', isbn='978-9-132-3121-3', book_format='Paperback', edition='1st', pages=1049, publisher='Elsevier', publish_date=2001-03-04, first_publish_date=1960-07-24, liked_percent=95, price=59.30}
Book{bookId=21854, title='A Comprehensive Guide to Algorithms for Beginners', rating=4.4, description='A Comprehensive Guide to Algorithms for Beginners provides a comprehensive overview of its subject matter. It delves into the intricacies of A Comprehensive Guide to Algorithms for Beginners, making it accessible to both beginners and advanced readers. With thorough explanations and practical examples, it aims to equip you with the knowledge necessary to excel in this field.', language='English', isbn='978-3-892-3886-6', book_format='Hardcover', edition='4th', pages=185, publisher='McGraw-Hill', publish_date=1991-02-24, first_publish_date=1987-10-09, liked_percent=98, price=74.65}
Book{bookId=21891, title='A Comprehensive Guide to Algorithms from Scratch', rating=2.8, description='Discover the world of A Comprehensive Guide to Algorithms from Scratch through this enlightening book. It provides a detailed examination of critical theories and frameworks, helping readers to develop a robust understanding of the subject.', language='English', isbn='978-6-57-1962-1', book_format='Paperback', edition='5th', pages=577, publisher='Cambridge University Press', publish_date=2013-07-27, first_publish_date=1967-10-02, liked_percent=95, price=83.03}
Book{bookId=21892, title='Innovations in Algorithms for Everyone', rating=1.8, description='Discover the world of Innovations in Algorithms for Everyone through this enlightening book. It provides a detailed examination of critical theories and frameworks, helping readers to develop a robust understanding of the subject.', language='English', isbn='978-9-698-8652-8', book_format='Paperback', edition='4th', pages=688, publisher='Cambridge University Press', publish_date=1991-08-07, first_publish_date=1963-07-15, liked_percent=77, price=24.76}
Book{bookId=21936, title='The Future of Algorithms for Beginners', rating=2.9, description='Are you ready to dive deep into the world of The Future of Algorithms for Beginners? This book is designed to take you through the essentials while also expanding your understanding of the nuances involved.', language='English', isbn='978-5-326-2689-4', book_format='Hardcover', edition='3rd', pages=415, publisher='Packt Publishing', publish_date=2022-09-22, first_publish_date=2016-08-21, liked_percent=70, price=66.22}
Book{bookId=21984, title='Mastering Algorithms and Applications', rating=3.9, description='In Mastering Algorithms and Applications, the author explores the fundamental principles and methodologies that define the field. This enlightening read not only highlights key concepts but also challenges the reader to think critically about the implications of Mastering Algorithms and Applications in the modern world.', language='English', isbn='978-6-315-6628-4', book_format='Hardcover', edition='2nd', pages=536, publisher='Harvard University Press', publish_date=1990-02-22, first_publish_date=1966-04-26, liked_percent=76, price=84.56}
Book{bookId=22000, title='Practical Insights into Algorithms for Beginners', rating=1.4, description='With Practical Insights into Algorithms for Beginners, readers are invited to embark on an intellectual adventure. This book tackles the fundamental questions surrounding Practical Insights into Algorithms for Beginners with a fresh perspective.', language='English', isbn='978-6-612-6655-6', book_format='Hardcover', edition='4th', pages=1124, publisher='MIT Press', publish_date=2004-11-25, first_publish_date=1985-08-06, liked_percent=74, price=24.02}
Book{bookId=22025, title='A Comprehensive Guide to Algorithms in the Modern World', rating=3.3, description='Discover the world of A Comprehensive Guide to Algorithms in the Modern World through this enlightening book. It provides a detailed examination of critical theories and frameworks, helping readers to develop a robust understanding of the subject.', language='English', isbn='978-5-336-7110-0', book_format='Hardcover', edition='4th', pages=185, publisher='Packt Publishing', publish_date=2001-02-19, first_publish_date=1961-02-06, liked_percent=79, price=80.50}
Book{bookId=22043, title='The Complete Handbook of Algorithms and Beyond', rating=2.7, description='Are you ready to dive deep into the world of The Complete Handbook of Algorithms and Beyond? This book is designed to take you through the essentials while also expanding your understanding of the nuances involved.', language='English', isbn='978-5-116-1120-2', book_format='eBook', edition='5th', pages=1051, publisher='Wiley', publish_date=1992-04-22, first_publish_date=1950-11-27, liked_percent=80, price=17.96}
Book{bookId=22141, title='Mastering Algorithms in the Modern World', rating=3.3, description='Mastering Algorithms in the Modern World provides a comprehensive overview of its subject matter. It delves into the intricacies of Mastering Algorithms in the Modern World, making it accessible to both beginners and advanced readers. With thorough explanations and practical examples, it aims to equip you with the knowledge necessary to excel in this field.', language='English', isbn='978-3-877-9992-7', book_format='Hardcover', edition='2nd', pages=538, publisher='Cambridge University Press', publish_date=2002-08-31, first_publish_date=1978-03-20, liked_percent=88, price=29.55}
Book{bookId=22157, title='Mastering Algorithms with Python', rating=3.3, description='Mastering Algorithms with Python provides a comprehensive overview of its subject matter. It delves into the intricacies of Mastering Algorithms with Python, making it accessible to both beginners and advanced readers. With thorough explanations and practical examples, it aims to equip you with the knowledge necessary to excel in this field.', language='English', isbn='978-6-925-63-5', book_format='Hardcover', edition='4th', pages=444, publisher='Springer', publish_date=2008-12-28, first_publish_date=1981-01-10, liked_percent=77, price=16.57}
Book{bookId=22180, title='Exploring Algorithms with Python', rating=4.7, description='With Exploring Algorithms with Python, readers are invited to embark on an intellectual adventure. This book tackles the fundamental questions surrounding Exploring Algorithms with Python with a fresh perspective.', language='English', isbn='978-2-4-8983-8', book_format='Hardcover', edition='2nd', pages=892, publisher='Elsevier', publish_date=2021-03-29, first_publish_date=1999-02-15, liked_percent=97, price=24.43}
Book{bookId=22249, title='Innovations in Algorithms for Professionals', rating=3.4, description='Innovations in Algorithms for Professionals provides a comprehensive overview of its subject matter. It delves into the intricacies of Innovations in Algorithms for Professionals, making it accessible to both beginners and advanced readers. With thorough explanations and practical examples, it aims to equip you with the knowledge necessary to excel in this field.', language='English', isbn='978-3-496-1030-8', book_format='Hardcover', edition='5th', pages=348, publisher='Packt Publishing', publish_date=2001-12-20, first_publish_date=1958-03-29, liked_percent=79, price=55.83}
Book{bookId=22253, title='The Essentials of Algorithms for Professionals', rating=3, description='Are you ready to dive deep into the world of The Essentials of Algorithms for Professionals? This book is designed to take you through the essentials while also expanding your understanding of the nuances involved.', language='English', isbn='978-2-182-6238-9', book_format='Hardcover', edition='5th', pages=518, publisher='Cambridge University Press', publish_date=2018-02-13, first_publish_date=1982-07-24, liked_percent=79, price=25.34}
Book{bookId=22275, title='Exploring Algorithms from Scratch', rating=3.1, description='In Exploring Algorithms from Scratch, the author explores the fundamental principles and methodologies that define the field. This enlightening read not only highlights key concepts but also challenges the reader to think critically about the implications of Exploring Algorithms from Scratch in the modern world.', language='English', isbn='978-2-454-2086-3', book_format='Paperback', edition='1st', pages=520, publisher='Wiley', publish_date=1993-10-08, first_publish_date=1988-01-13, liked_percent=74, price=75.20}
Book{bookId=22381, title='Innovations in Algorithms for Professionals', rating=1.1, description='In Innovations in Algorithms for Professionals, the author explores the fundamental principles and methodologies that define the field. This enlightening read not only highlights key concepts but also challenges the reader to think critically about the implications of Innovations in Algorithms for Professionals in the modern world.', language='English', isbn='978-4-201-5791-9', book_format='Paperback', edition='1st', pages=1109, publisher='McGraw-Hill', publish_date=1995-07-09, first_publish_date=1976-04-16, liked_percent=87, price=50.63}
Book{bookId=22471, title='Practical Insights into Algorithms in the Modern World', rating=1.3, description='With Practical Insights into Algorithms in the Modern World, readers are invited to embark on an intellectual adventure. This book tackles the fundamental questions surrounding Practical Insights into Algorithms in the Modern World with a fresh perspective.', language='English', isbn='978-0-660-9022-7', book_format='Hardcover', edition='3rd', pages=977, publisher='Prentice Hall', publish_date=2022-07-01, first_publish_date=1978-05-11, liked_percent=72, price=61.04}
Book{bookId=22541, title='The Future of Algorithms and Future Trends', rating=3.4, description='Are you ready to dive deep into the world of The Future of Algorithms and Future Trends? This book is designed to take you through the essentials while also expanding your understanding of the nuances involved.', language='English', isbn='978-6-553-4702-7', book_format='eBook', edition='3rd', pages=271, publisher='Packt Publishing', publish_date=2000-11-30, first_publish_date=1956-07-04, liked_percent=72, price=13.35}
[...]
Book{bookId=39091, title='Advanced Techniques in Algorithms in the Modern World', rating=3, description='Advanced Techniques in Algorithms in the Modern World provides a comprehensive overview of its subject matter. It delves into the intricacies of Advanced Techniques in Algorithms in the Modern World, making it accessible to both beginners and advanced readers. With thorough explanations and practical examples, it aims to equip you with the knowledge necessary to excel in this field.', language='English', isbn='978-5-443-229-8', book_format='Hardcover', edition='5th', pages=955, publisher='Springer', publish_date=2012-10-03, first_publish_date=1953-02-02, liked_percent=74, price=28.94}
Book{bookId=39221, title='Practical Insights into Algorithms for Professionals', rating=1.9, description='Are you ready to dive deep into the world of Practical Insights into Algorithms for Professionals? This book is designed to take you through the essentials while also expanding your understanding of the nuances involved.', language='English', isbn='978-4-651-6324-6', book_format='Hardcover', edition='2nd', pages=512, publisher='Cambridge University Press', publish_date=2018-03-19, first_publish_date=2003-04-14, liked_percent=73, price=36.50}
Book{bookId=39256, title='Mastering Algorithms for Professionals', rating=3.3, description='With Mastering Algorithms for Professionals, readers are invited to embark on an intellectual adventure. This book tackles the fundamental questions surrounding Mastering Algorithms for Professionals with a fresh perspective.', language='English', isbn='978-4-515-2880-6', book_format='eBook', edition='1st', pages=189, publisher='Packt Publishing', publish_date=1997-12-06, first_publish_date=1986-01-22, liked_percent=88, price=95.54}
Book{bookId=39319, title='A Comprehensive Guide to Algorithms and Applications', rating=4.8, description='In A Comprehensive Guide to Algorithms and Applications, the author explores the fundamental principles and methodologies that define the field. This enlightening read not only highlights key concepts but also challenges the reader to think critically about the implications of A Comprehensive Guide to Algorithms and Applications in the modern world.', language='English', isbn='978-4-123-8576-1', book_format='Hardcover', edition='3rd', pages=280, publisher='Cambridge University Press', publish_date=1995-05-04, first_publish_date=1989-10-21, liked_percent=83, price=59.14}
Book{bookId=39346, title='Practical Insights into Algorithms for Professionals', rating=1.3, description='With Practical Insights into Algorithms for Professionals, readers are invited to embark on an intellectual adventure. This book tackles the fundamental questions surrounding Practical Insights into Algorithms for Professionals with a fresh perspective.', language='English', isbn='978-6-731-2409-4', book_format='Hardcover', edition='5th', pages=836, publisher='Cambridge University Press', publish_date=1992-10-19, first_publish_date=1976-01-24, liked_percent=70, price=91.54}
Book{bookId=39398, title='Understanding Algorithms in Practice', rating=1.1, description='Are you ready to dive deep into the world of Understanding Algorithms in Practice? This book is designed to take you through the essentials while also expanding your understanding of the nuances involved.', language='English', isbn='978-5-265-1636-2', book_format='eBook', edition='5th', pages=906, publisher='Springer', publish_date=2017-10-21, first_publish_date=2000-10-13, liked_percent=90, price=83.64}
Book{bookId=39518, title='Practical Insights into Algorithms for Beginners', rating=2.3, description='With Practical Insights into Algorithms for Beginners, readers are invited to embark on an intellectual adventure. This book tackles the fundamental questions surrounding Practical Insights into Algorithms for Beginners with a fresh perspective.', language='English', isbn='978-6-979-9926-4', book_format='Paperback', edition='2nd', pages=1123, publisher='Harvard University Press', publish_date=2001-08-20, first_publish_date=1996-08-02, liked_percent=87, price=14.02}
Book{bookId=39468, title='Mastering Algorithms and Beyond', rating=3.7, description='In Mastering Algorithms and Beyond, the author explores the fundamental principles and methodologies that define the field. This enlightening read not only highlights key concepts but also challenges the reader to think critically about the implications of Mastering Algorithms and Beyond in the modern world.', language='English', isbn='978-0-477-6157-1', book_format='eBook', edition='1st', pages=816, publisher='Prentice Hall', publish_date=2006-08-25, first_publish_date=1981-09-14, liked_percent=95, price=60.51}
Book{bookId=39830, title='A Comprehensive Guide to Algorithms with Python', rating=4.3, description='In A Comprehensive Guide to Algorithms with Python, the author explores the fundamental principles and methodologies that define the field. This enlightening read not only highlights key concepts but also challenges the reader to think critically about the implications of A Comprehensive Guide to Algorithms with Python in the modern world.', language='English', isbn='978-1-701-7544-1', book_format='Paperback', edition='4th', pages=680, publisher='Elsevier', publish_date=2016-02-17, first_publish_date=1957-09-23, liked_percent=97, price=61.57}
Book{bookId=39989, title='Understanding Algorithms and Applications', rating=4.8, description='With Understanding Algorithms and Applications, readers are invited to embark on an intellectual adventure. This book tackles the fundamental questions surrounding Understanding Algorithms and Applications with a fresh perspective.', language='English', isbn='978-9-96-6731-7', book_format='Hardcover', edition='4th', pages=334, publisher='McGraw-Hill', publish_date=2011-04-15, first_publish_date=2000-12-21, liked_percent=75, price=99.74}
Book{bookId=39562, title='A Comprehensive Guide to Algorithms with Python', rating=3.7, description='In A Comprehensive Guide to Algorithms with Python, the author explores the fundamental principles and methodologies that define the field. This enlightening read not only highlights key concepts but also challenges the reader to think critically about the implications of A Comprehensive Guide to Algorithms with Python in the modern world.', language='English', isbn='978-9-528-9130-3', book_format='Paperback', edition='5th', pages=755, publisher='McGraw-Hill', publish_date=2009-06-25, first_publish_date=1958-10-06, liked_percent=76, price=81.49}
Book{bookId=39618, title='Practical Insights into Algorithms in the Modern World', rating=2.6, description='Are you ready to dive deep into the world of Practical Insights into Algorithms in the Modern World? This book is designed to take you through the essentials while also expanding your understanding of the nuances involved.', language='English', isbn='978-8-943-2113-0', book_format='Paperback', edition='2nd', pages=564, publisher='McGraw-Hill', publish_date=2018-10-17, first_publish_date=1979-05-05, liked_percent=77, price=92.28}
Book{bookId=39629, title='Practical Insights into Algorithms in Practice', rating=1.1, description='In Practical Insights into Algorithms in Practice, the author explores the fundamental principles and methodologies that define the field. This enlightening read not only highlights key concepts but also challenges the reader to think critically about the implications of Practical Insights into Algorithms in Practice in the modern world.', language='English', isbn='978-3-317-7894-9', book_format='Paperback', edition='1st', pages=159, publisher='McGraw-Hill', publish_date=2011-10-23, first_publish_date=1968-02-09, liked_percent=85, price=39.86}
Book{bookId=39653, title='A Comprehensive Guide to Algorithms and Applications', rating=4.4, description='In A Comprehensive Guide to Algorithms and Applications, the author explores the fundamental principles and methodologies that define the field. This enlightening read not only highlights key concepts but also challenges the reader to think critically about the implications of A Comprehensive Guide to Algorithms and Applications in the modern world.', language='English', isbn='978-9-480-4622-8', book_format='eBook', edition='2nd', pages=1110, publisher='MIT Press', publish_date=2022-01-01, first_publish_date=1986-05-25, liked_percent=97, price=48.76}
Book{bookId=39675, title='Practical Insights into Algorithms for Professionals', rating=1.1, description='With Practical Insights into Algorithms for Professionals, readers are invited to embark on an intellectual adventure. This book tackles the fundamental questions surrounding Practical Insights into Algorithms for Professionals with a fresh perspective.', language='English', isbn='978-2-247-8244-1', book_format='Hardcover', edition='5th', pages=641, publisher='Prentice Hall', publish_date=1995-05-06, first_publish_date=1980-12-21, liked_percent=85, price=12.77}
Book{bookId=39712, title='Practical Insights into Algorithms and Applications', rating=1.5, description='With Practical Insights into Algorithms and Applications, readers are invited to embark on an intellectual adventure. This book tackles the fundamental questions surrounding Practical Insights into Algorithms and Applications with a fresh perspective.', language='English', isbn='978-6-183-4819-1', book_format='Hardcover', edition='3rd', pages=1003, publisher='McGraw-Hill', publish_date=1996-08-05, first_publish_date=1978-04-17, liked_percent=76, price=88.18}
Book{bookId=39723, title='The Future of Algorithms and Applications', rating=3.6, description='Discover the world of The Future of Algorithms and Applications through this enlightening book. It provides a detailed examination of critical theories and frameworks, helping readers to develop a robust understanding of the subject.', language='English', isbn='978-0-980-4962-0', book_format='Hardcover', edition='5th', pages=789, publisher='Wiley', publish_date=2000-12-09, first_publish_date=1998-11-30, liked_percent=73, price=83.61}
Book{bookId=39765, title='Exploring Algorithms for Everyone', rating=1.7, description='Exploring Algorithms for Everyone provides a comprehensive overview of its subject matter. It delves into the intricacies of Exploring Algorithms for Everyone, making it accessible to both beginners and advanced readers. With thorough explanations and practical examples, it aims to equip you with the knowledge necessary to excel in this field.', language='English', isbn='978-3-103-9102-0', book_format='eBook', edition='1st', pages=378, publisher='Elsevier', publish_date=1996-10-20, first_publish_date=1954-08-17, liked_percent=87, price=15.65}
Book{bookId=39840, title='Innovations in Algorithms and Applications', rating=3.6, description='In Innovations in Algorithms and Applications, the author explores the fundamental principles and methodologies that define the field. This enlightening read not only highlights key concepts but also challenges the reader to think critically about the implications of Innovations in Algorithms and Applications in the modern world.', language='English', isbn='978-5-871-2659-2', book_format='Paperback', edition='2nd', pages=647, publisher='O'Reilly Media', publish_date=2020-10-27, first_publish_date=1965-03-24, liked_percent=82, price=55.02}
Book{bookId=39863, title='Understanding Algorithms with Python', rating=1.6, description='Are you ready to dive deep into the world of Understanding Algorithms with Python? This book is designed to take you through the essentials while also expanding your understanding of the nuances involved.', language='English', isbn='978-6-583-5115-1', book_format='eBook', edition='2nd', pages=856, publisher='Prentice Hall', publish_date=2004-05-23, first_publish_date=2001-02-15, liked_percent=91, price=52.50}
Book{bookId=39947, title='Innovations in Algorithms for Professionals', rating=3.5, description='Innovations in Algorithms for Professionals provides a comprehensive overview of its subject matter. It delves into the intricacies of Innovations in Algorithms for Professionals, making it accessible to both beginners and advanced readers. With thorough explanations and practical examples, it aims to equip you with the knowledge necessary to excel in this field.', language='English', isbn='978-0-671-306-8', book_format='Paperback', edition='3rd', pages=457, publisher='O'Reilly Media', publish_date=2004-08-03, first_publish_date=1993-11-02, liked_percent=89, price=17.65}
Book{bookId=39970, title='Innovations in Algorithms for Everyone', rating=1.7, description='Are you ready to dive deep into the world of Innovations in Algorithms for Everyone? This book is designed to take you through the essentials while also expanding your understanding of the nuances involved.', language='English', isbn='978-2-834-6555-4', book_format='eBook', edition='4th', pages=929, publisher='Harvard University Press', publish_date=1990-02-01, first_publish_date=1972-06-14, liked_percent=79, price=52.86}
Book{bookId=39502, title='Exploring Algorithms for Beginners', rating=4.2, description='Are you ready to dive deep into the world of Exploring Algorithms for Beginners? This book is designed to take you through the essentials while also expanding your understanding of the nuances involved.', language='English', isbn='978-0-323-5024-2', book_format='Hardcover', edition='1st', pages=640, publisher='O'Reilly Media', publish_date=1994-04-21, first_publish_date=1952-07-14, liked_percent=86, price=54.56}
Book{bookId=39505, title='Mastering Algorithms in Practice', rating=1.5, description='Mastering Algorithms in Practice provides a comprehensive overview of its subject matter. It delves into the intricacies of Mastering Algorithms in Practice, making it accessible to both beginners and advanced readers. With thorough explanations and practical examples, it aims to equip you with the knowledge necessary to excel in this field.', language='English', isbn='978-1-39-2868-2', book_format='Hardcover', edition='2nd', pages=983, publisher='MIT Press', publish_date=2013-05-28, first_publish_date=1950-07-24, liked_percent=85, price=40.52}
Book{bookId=39524, title='Practical Insights into Algorithms for Professionals', rating=1.5, description='Practical Insights into Algorithms for Professionals provides a comprehensive overview of its subject matter. It delves into the intricacies of Practical Insights into Algorithms for Professionals, making it accessible to both beginners and advanced readers. With thorough explanations and practical examples, it aims to equip you with the knowledge necessary to excel in this field.', language='English', isbn='978-1-152-9438-0', book_format='Hardcover', edition='4th', pages=914, publisher='Wiley', publish_date=1996-02-26, first_publish_date=1982-11-22, liked_percent=81, price=49.44}
Book{bookId=39796, title='The Future of Algorithms for Professionals', rating=1.8, description='With The Future of Algorithms for Professionals, readers are invited to embark on an intellectual adventure. This book tackles the fundamental questions surrounding The Future of Algorithms for Professionals with a fresh perspective.', language='English', isbn='978-2-511-9667-5', book_format='Paperback', edition='4th', pages=928, publisher='Wiley', publish_date=2017-03-12, first_publish_date=1967-01-24, liked_percent=76, price=58.72}
Book{bookId=39660, title='Innovations in Algorithms in Practice', rating=3.9, description='With Innovations in Algorithms in Practice, readers are invited to embark on an intellectual adventure. This book tackles the fundamental questions surrounding Innovations in Algorithms in Practice with a fresh perspective.', language='English', isbn='978-2-90-4418-9', book_format='Paperback', edition='3rd', pages=332, publisher='Prentice Hall', publish_date=2021-03-08, first_publish_date=1956-01-14, liked_percent=89, price=39.45}
Book{bookId=39663, title='Understanding Algorithms and Future Trends', rating=1.3, description='With Understanding Algorithms and Future Trends, readers are invited to embark on an intellectual adventure. This book tackles the fundamental questions surrounding Understanding Algorithms and Future Trends with a fresh perspective.', language='English', isbn='978-2-757-2604-4', book_format='Hardcover', edition='3rd', pages=306, publisher='McGraw-Hill', publish_date=2000-07-27, first_publish_date=1974-10-02, liked_percent=86, price=37.93}
Book{bookId=39678, title='Practical Insights into Algorithms for Beginners', rating=1.9, description='With Practical Insights into Algorithms for Beginners, readers are invited to embark on an intellectual adventure. This book tackles the fundamental questions surrounding Practical Insights into Algorithms for Beginners with a fresh perspective.', language='English', isbn='978-3-808-9387-3', book_format='Hardcover', edition='1st', pages=1088, publisher='O'Reilly Media', publish_date=2005-09-11, first_publish_date=1983-05-28, liked_percent=79, price=56.01}
Book{bookId=39770, title='The Complete Handbook of Algorithms and Beyond', rating=4.6, description='Are you ready to dive deep into the world of The Complete Handbook of Algorithms and Beyond? This book is designed to take you through the essentials while also expanding your understanding of the nuances involved.', language='English', isbn='978-0-104-4180-4', book_format='eBook', edition='4th', pages=681, publisher='McGraw-Hill', publish_date=2019-04-30, first_publish_date=1975-07-05, liked_percent=70, price=77.32}
Book{bookId=39795, title='The Essentials of Algorithms from Scratch', rating=3, description='Discover the world of The Essentials of Algorithms from Scratch through this enlightening book. It provides a detailed examination of critical theories and frameworks, helping readers to develop a robust understanding of the subject.', language='English', isbn='978-8-583-4179-7', book_format='Hardcover', edition='5th', pages=732, publisher='O'Reilly Media', publish_date=2020-04-07, first_publish_date=1978-03-31, liked_percent=96, price=49.26}
Book{bookId=39845, title='Practical Insights into Algorithms for Professionals', rating=2.4, description='In Practical Insights into Algorithms for Professionals, the author explores the fundamental principles and methodologies that define the field. This enlightening read not only highlights key concepts but also challenges the reader to think critically about the implications of Practical Insights into Algorithms for Professionals in the modern world.', language='English', isbn='978-4-220-9534-2', book_format='Hardcover', edition='3rd', pages=648, publisher='Springer', publish_date=2004-04-19, first_publish_date=1970-04-30, liked_percent=72, price=87.04}
Book{bookId=39870, title='Mastering Algorithms for Professionals', rating=4.8, description='Mastering Algorithms for Professionals provides a comprehensive overview of its subject matter. It delves into the intricacies of Mastering Algorithms for Professionals, making it accessible to both beginners and advanced readers. With thorough explanations and practical examples, it aims to equip you with the knowledge necessary to excel in this field.', language='English', isbn='978-0-915-4493-5', book_format='Hardcover', edition='1st', pages=403, publisher='McGraw-Hill', publish_date=2008-03-03, first_publish_date=1967-12-09, liked_percent=98, price=62.30}
]]></system-out>
    <system-err><![CDATA[WARNING: A Java agent has been loaded dynamically (/home/rushi/.m2/repository/net/bytebuddy/byte-buddy-agent/1.14.19/byte-buddy-agent-1.14.19.jar)
WARNING: If a serviceability tool is in use, please run with -XX:+EnableDynamicAgentLoading to hide this warning
WARNING: If a serviceability tool is not in use, please run with -Djdk.instrument.traceUsage for more information
WARNING: Dynamic loading of agents will be disallowed by default in a future release
]]></system-err>
  </testcase>
</testsuite>